current directory: /Users/thiagocifani01/projects/cursor/escola/school-system/school-api/ruby/3.4.0/gems/date-3.4.1/ext/date
/Users/thiagocifani01/.asdf/installs/ruby/3.4.1/bin/ruby extconf.rb
checking for rb_category_warn()... yes
checking for timezone in time.h with -Werror... yes
checking for altzone in time.h with -Werror... no
creating Makefile

current directory: /Users/thiagocifani01/projects/cursor/escola/school-system/school-api/ruby/3.4.0/gems/date-3.4.1/ext/date
make DESTDIR\= sitearchdir\=./.gem.20250817-31832-vpjz7v sitelibdir\=./.gem.20250817-31832-vpjz7v clean

current directory: /Users/thiagocifani01/projects/cursor/escola/school-system/school-api/ruby/3.4.0/gems/date-3.4.1/ext/date
make DESTDIR\= sitearchdir\=./.gem.20250817-31832-vpjz7v sitelibdir\=./.gem.20250817-31832-vpjz7v
compiling date_core.c
compiling date_parse.c
compiling date_strftime.c
compiling date_strptime.c
linking shared-object date_core.bundle

current directory: /Users/thiagocifani01/projects/cursor/escola/school-system/school-api/ruby/3.4.0/gems/date-3.4.1/ext/date
make DESTDIR\= sitearchdir\=./.gem.20250817-31832-vpjz7v sitelibdir\=./.gem.20250817-31832-vpjz7v install
/opt/homebrew/bin/ginstall -c -m 0755 date_core.bundle ./.gem.20250817-31832-vpjz7v

current directory: /Users/thiagocifani01/projects/cursor/escola/school-system/school-api/ruby/3.4.0/gems/date-3.4.1/ext/date
make DESTDIR\= sitearchdir\=./.gem.20250817-31832-vpjz7v sitelibdir\=./.gem.20250817-31832-vpjz7v clean
